<?xml version="1.0" encoding="UTF-8"?>
<testsuite xmlns:xsi="http://www.w3.org/2001/XMLSchema-instance" xsi:noNamespaceSchemaLocation="https://maven.apache.org/surefire/maven-surefire-plugin/xsd/surefire-test-report.xsd" name="com.storage.StorageApplicationTests" time="13.655" tests="3" errors="0" skipped="0" failures="0">
  <properties>
[...]
</properties>
  <testcase name="Test1" classname="com.storage.StorageApplicationTests" time="0.526"/>
  <testcase name="login" classname="com.storage.StorageApplicationTests" time="0.036"/>
  <testcase name="contextLoads" classname="com.storage.StorageApplicationTests" time="0.036"/>
</testsuite>