<?xml version="1.0" encoding="UTF-8"?>
<testsuite xmlns:xsi="http://www.w3.org/2001/XMLSchema-instance" xsi:noNamespaceSchemaLocation="https://maven.apache.org/surefire/maven-surefire-plugin/xsd/surefire-test-report.xsd" name="com.storage.StorageApplicationTests" time="11.314" tests="1" errors="1" skipped="0" failures="0">
  <properties>
[...]
</properties>
  <testcase name="Test3" classname="com.storage.StorageApplicationTests" time="0.544">
    <error message="&#10;### Error updating database.  Cause: java.sql.SQLIntegrityConstraintViolationException: Cannot add or update a child row: a foreign key constraint fails (`storage`.`equipments`, CONSTRAINT `equipments_ibfk_3` FOREIGN KEY (`equipmenttypeid`) REFERENCES `equipmenttypes` (`id`))&#10;### The error may involve com.storage.mapper.EquipmentsMapper.update-Inline&#10;### The error occurred while setting parameters&#10;### SQL: UPDATE equipments  SET equipmenttypeid=?     WHERE  equipmenttypeid = ?&#10;### Cause: java.sql.SQLIntegrityConstraintViolationException: Cannot add or update a child row: a foreign key constraint fails (`storage`.`equipments`, CONSTRAINT `equipments_ibfk_3` FOREIGN KEY (`equipmenttypeid`) REFERENCES `equipmenttypes` (`id`))&#10;; Cannot add or update a child row: a foreign key constraint fails (`storage`.`equipments`, CONSTRAINT `equipments_ibfk_3` FOREIGN KEY (`equipmenttypeid`) REFERENCES `equipmenttypes` (`id`)); nested exception is java.sql.SQLIntegrityConstraintViolationException: Cannot add or update a child row: a foreign key constraint fails (`storage`.`equipments`, CONSTRAINT `equipments_ibfk_3` FOREIGN KEY (`equipmenttypeid`) REFERENCES `equipmenttypes` (`id`))" type="org.springframework.dao.DataIntegrityViolationException">org.springframework.dao.DataIntegrityViolationException: 

### Error updating database.  Cause: java.sql.SQLIntegrityConstraintViolationException: Cannot add or update a child row: a foreign key constraint fails (`storage`.`equipments`, CONSTRAINT `equipments_ibfk_3` FOREIGN KEY (`equipmenttypeid`) REFERENCES `equipmenttypes` (`id`))
### The error may involve com.storage.mapper.EquipmentsMapper.update-Inline
### The error occurred while setting parameters
### SQL: UPDATE equipments  SET equipmenttypeid=?     WHERE  equipmenttypeid = ?
### Cause: java.sql.SQLIntegrityConstraintViolationException: Cannot add or update a child row: a foreign key constraint fails (`storage`.`equipments`, CONSTRAINT `equipments_ibfk_3` FOREIGN KEY (`equipmenttypeid`) REFERENCES `equipmenttypes` (`id`))
; Cannot add or update a child row: a foreign key constraint fails (`storage`.`equipments`, CONSTRAINT `equipments_ibfk_3` FOREIGN KEY (`equipmenttypeid`) REFERENCES `equipmenttypes` (`id`)); nested exception is java.sql.SQLIntegrityConstraintViolationException: Cannot add or update a child row: a foreign key constraint fails (`storage`.`equipments`, CONSTRAINT `equipments_ibfk_3` FOREIGN KEY (`equipmenttypeid`) REFERENCES `equipmenttypes` (`id`))
	at com.storage.StorageApplicationTests.Test3(StorageApplicationTests.java:74)
Caused by: java.sql.SQLIntegrityConstraintViolationException: Cannot add or update a child row: a foreign key constraint fails (`storage`.`equipments`, CONSTRAINT `equipments_ibfk_3` FOREIGN KEY (`equipmenttypeid`) REFERENCES `equipmenttypes` (`id`))
	at com.storage.StorageApplicationTests.Test3(StorageApplicationTests.java:74)
</error>
    <system-out><![CDATA[22:39:31.510 [main] DEBUG org.springframework.test.context.BootstrapUtils - Instantiating CacheAwareContextLoaderDelegate from class [org.springframework.test.context.cache.DefaultCacheAwareContextLoaderDelegate]
22:39:31.524 [main] DEBUG org.springframework.test.context.BootstrapUtils - Instantiating BootstrapContext using constructor [public org.springframework.test.context.support.DefaultBootstrapContext(java.lang.Class,org.springframework.test.context.CacheAwareContextLoaderDelegate)]
22:39:31.549 [main] DEBUG org.springframework.test.context.BootstrapUtils - Instantiating TestContextBootstrapper for test class [com.storage.StorageApplicationTests] from class [org.springframework.boot.test.context.SpringBootTestContextBootstrapper]
22:39:31.569 [main] INFO org.springframework.boot.test.context.SpringBootTestContextBootstrapper - Neither @ContextConfiguration nor @ContextHierarchy found for test class [com.storage.StorageApplicationTests], using SpringBootContextLoader
22:39:31.572 [main] DEBUG org.springframework.test.context.support.AbstractContextLoader - Did not detect default resource location for test class [com.storage.StorageApplicationTests]: class path resource [com/storage/StorageApplicationTests-context.xml] does not exist
22:39:31.573 [main] DEBUG org.springframework.test.context.support.AbstractContextLoader - Did not detect default resource location for test class [com.storage.StorageApplicationTests]: class path resource [com/storage/StorageApplicationTestsContext.groovy] does not exist
22:39:31.573 [main] INFO org.springframework.test.context.support.AbstractContextLoader - Could not detect default resource locations for test class [com.storage.StorageApplicationTests]: no resource found for suffixes {-context.xml, Context.groovy}.
22:39:31.574 [main] INFO org.springframework.test.context.support.AnnotationConfigContextLoaderUtils - Could not detect default configuration classes for test class [com.storage.StorageApplicationTests]: StorageApplicationTests does not declare any static, non-private, non-final, nested classes annotated with @Configuration.
22:39:31.615 [main] DEBUG org.springframework.test.context.support.ActiveProfilesUtils - Could not find an 'annotation declaring class' for annotation type [org.springframework.test.context.ActiveProfiles] and class [com.storage.StorageApplicationTests]
22:39:31.768 [main] DEBUG org.springframework.context.annotation.ClassPathScanningCandidateComponentProvider - Identified candidate component class: file [D:\项目\Set-the-warehouse\storage\target\classes\com\storage\StorageApplication.class]
22:39:31.771 [main] INFO org.springframework.boot.test.context.SpringBootTestContextBootstrapper - Found @SpringBootConfiguration com.storage.StorageApplication for test class com.storage.StorageApplicationTests
22:39:31.849 [main] DEBUG org.springframework.boot.test.context.SpringBootTestContextBootstrapper - @TestExecutionListeners is not present for class [com.storage.StorageApplicationTests]: using defaults.
22:39:31.849 [main] INFO org.springframework.boot.test.context.SpringBootTestContextBootstrapper - Loaded default TestExecutionListener class names from location [META-INF/spring.factories]: [org.springframework.boot.test.mock.mockito.MockitoTestExecutionListener, org.springframework.boot.test.mock.mockito.ResetMocksTestExecutionListener, org.springframework.boot.test.autoconfigure.restdocs.RestDocsTestExecutionListener, org.springframework.boot.test.autoconfigure.web.client.MockRestServiceServerResetTestExecutionListener, org.springframework.boot.test.autoconfigure.web.servlet.MockMvcPrintOnlyOnFailureTestExecutionListener, org.springframework.boot.test.autoconfigure.web.servlet.WebDriverTestExecutionListener, org.springframework.test.context.web.ServletTestExecutionListener, org.springframework.test.context.support.DirtiesContextBeforeModesTestExecutionListener, org.springframework.test.context.support.DependencyInjectionTestExecutionListener, org.springframework.test.context.support.DirtiesContextTestExecutionListener, org.springframework.test.context.transaction.TransactionalTestExecutionListener, org.springframework.test.context.jdbc.SqlScriptsTestExecutionListener, org.springframework.test.context.event.EventPublishingTestExecutionListener, org.springframework.security.test.context.support.WithSecurityContextTestExecutionListener, org.springframework.security.test.context.support.ReactorContextTestExecutionListener]
22:39:31.870 [main] INFO org.springframework.boot.test.context.SpringBootTestContextBootstrapper - Using TestExecutionListeners: [org.springframework.test.context.web.ServletTestExecutionListener@609e8838, org.springframework.test.context.support.DirtiesContextBeforeModesTestExecutionListener@359df09a, org.springframework.boot.test.mock.mockito.MockitoTestExecutionListener@43df23d3, org.springframework.boot.test.autoconfigure.SpringBootDependencyInjectionTestExecutionListener@6d60fe40, org.springframework.test.context.support.DirtiesContextTestExecutionListener@792b749c, org.springframework.test.context.transaction.TransactionalTestExecutionListener@23e84203, org.springframework.test.context.jdbc.SqlScriptsTestExecutionListener@19932c16, org.springframework.test.context.event.EventPublishingTestExecutionListener@73eb439a, org.springframework.security.test.context.support.WithSecurityContextTestExecutionListener@514646ef, org.springframework.security.test.context.support.ReactorContextTestExecutionListener@305ffe9e, org.springframework.boot.test.mock.mockito.ResetMocksTestExecutionListener@302c971f, org.springframework.boot.test.autoconfigure.restdocs.RestDocsTestExecutionListener@1972e513, org.springframework.boot.test.autoconfigure.web.client.MockRestServiceServerResetTestExecutionListener@7ae0a9ec, org.springframework.boot.test.autoconfigure.web.servlet.MockMvcPrintOnlyOnFailureTestExecutionListener@35841320, org.springframework.boot.test.autoconfigure.web.servlet.WebDriverTestExecutionListener@61c4eee0]
22:39:31.874 [main] DEBUG org.springframework.test.context.support.AbstractDirtiesContextTestExecutionListener - Before test class: context [DefaultTestContext@c430e6c testClass = StorageApplicationTests, testInstance = [null], testMethod = [null], testException = [null], mergedContextConfiguration = [WebMergedContextConfiguration@312aa7c testClass = StorageApplicationTests, locations = '{}', classes = '{class com.storage.StorageApplication}', contextInitializerClasses = '[]', activeProfiles = '{}', propertySourceLocations = '{}', propertySourceProperties = '{org.springframework.boot.test.context.SpringBootTestContextBootstrapper=true}', contextCustomizers = set[org.springframework.boot.test.context.filter.ExcludeFilterContextCustomizer@79e2c065, org.springframework.boot.test.json.DuplicateJsonObjectContextCustomizerFactory$DuplicateJsonObjectContextCustomizer@7e07db1f, org.springframework.boot.test.mock.mockito.MockitoContextCustomizer@0, org.springframework.boot.test.web.client.TestRestTemplateContextCustomizer@1b7cc17c, org.springframework.boot.test.autoconfigure.properties.PropertyMappingContextCustomizer@0, org.springframework.boot.test.autoconfigure.web.servlet.WebDriverContextCustomizerFactory$Customizer@145f66e3], resourceBasePath = 'src/main/webapp', contextLoader = 'org.springframework.boot.test.context.SpringBootContextLoader', parent = [null]], attributes = map['org.springframework.test.context.web.ServletTestExecutionListener.activateListener' -> true]], class annotated with @DirtiesContext [false] with mode [null].
22:39:31.906 [main] DEBUG org.springframework.test.context.support.TestPropertySourceUtils - Adding inlined properties to environment: {spring.jmx.enabled=false, org.springframework.boot.test.context.SpringBootTestContextBootstrapper=true, server.port=-1}

  .   ____          _            __ _ _
 /\\ / ___'_ __ _ _(_)_ __  __ _ \ \ \ \
( ( )\___ | '_ | '_| | '_ \/ _` | \ \ \ \
 \\/  ___)| |_)| | | | | || (_| |  ) ) ) )
  '  |____| .__|_| |_|_| |_\__, | / / / /
 =========|_|==============|___/=/_/_/_/
 :: Spring Boot ::        (v2.2.5.RELEASE)

2020-06-11 22:39:32.269  INFO 12016 --- [           main] com.storage.StorageApplicationTests      : Starting StorageApplicationTests on LAPTOP-16UD2UM8 with PID 12016 (started by 人鱼 in D:\项目\Set-the-warehouse\storage)
2020-06-11 22:39:32.270  INFO 12016 --- [           main] com.storage.StorageApplicationTests      : The following profiles are active: dev
2020-06-11 22:39:33.172  WARN 12016 --- [           main] o.m.s.mapper.ClassPathMapperScanner      : No MyBatis mapper was found in '[com.storage.mapper.xml]' package. Please check your configuration.
2020-06-11 22:39:33.390  INFO 12016 --- [           main] .s.d.r.c.RepositoryConfigurationDelegate : Bootstrapping Spring Data JDBC repositories in DEFAULT mode.
2020-06-11 22:39:33.417  INFO 12016 --- [           main] .s.d.r.c.RepositoryConfigurationDelegate : Finished Spring Data repository scanning in 21ms. Found 0 JDBC repository interfaces.
 _ _   |_  _ _|_. ___ _ |    _ 
| | |\/|_)(_| | |_\  |_)||_|_\ 
     /               |         
                        3.0.5 
2020-06-11 22:39:34.254  INFO 12016 --- [           main] com.zaxxer.hikari.HikariDataSource       : HikariPool-1 - Starting...
2020-06-11 22:39:39.388  INFO 12016 --- [           main] com.zaxxer.hikari.HikariDataSource       : HikariPool-1 - Start completed.
2020-06-11 22:39:40.667  INFO 12016 --- [           main] pertySourcedRequestMappingHandlerMapping : Mapped URL path [/v2/api-docs] onto method [springfox.documentation.swagger2.web.Swagger2Controller#getDocumentation(String, HttpServletRequest)]
2020-06-11 22:39:41.114  INFO 12016 --- [           main] o.s.s.concurrent.ThreadPoolTaskExecutor  : Initializing ExecutorService 'applicationTaskExecutor'
2020-06-11 22:39:41.500  INFO 12016 --- [           main] d.s.w.p.DocumentationPluginsBootstrapper : Context refreshed
2020-06-11 22:39:41.523  INFO 12016 --- [           main] d.s.w.p.DocumentationPluginsBootstrapper : Found 4 custom documentation plugin(s)
2020-06-11 22:39:41.553  INFO 12016 --- [           main] s.d.s.w.s.ApiListingReferenceScanner     : Scanning for api listing references
2020-06-11 22:39:41.735  INFO 12016 --- [           main] .d.s.w.r.o.CachingOperationNameGenerator : Generating unique operation named: indexUsingGET_1
2020-06-11 22:39:41.736  INFO 12016 --- [           main] .d.s.w.r.o.CachingOperationNameGenerator : Generating unique operation named: indexUsingHEAD_1
2020-06-11 22:39:41.736  INFO 12016 --- [           main] .d.s.w.r.o.CachingOperationNameGenerator : Generating unique operation named: indexUsingPOST_1
2020-06-11 22:39:41.737  INFO 12016 --- [           main] .d.s.w.r.o.CachingOperationNameGenerator : Generating unique operation named: indexUsingPUT_1
2020-06-11 22:39:41.738  INFO 12016 --- [           main] .d.s.w.r.o.CachingOperationNameGenerator : Generating unique operation named: indexUsingPATCH_1
2020-06-11 22:39:41.739  INFO 12016 --- [           main] .d.s.w.r.o.CachingOperationNameGenerator : Generating unique operation named: indexUsingDELETE_1
2020-06-11 22:39:41.740  INFO 12016 --- [           main] .d.s.w.r.o.CachingOperationNameGenerator : Generating unique operation named: indexUsingOPTIONS_1
2020-06-11 22:39:41.740  INFO 12016 --- [           main] .d.s.w.r.o.CachingOperationNameGenerator : Generating unique operation named: indexUsingTRACE_1
2020-06-11 22:39:41.844  INFO 12016 --- [           main] s.d.s.w.s.ApiListingReferenceScanner     : Scanning for api listing references
2020-06-11 22:39:41.847  INFO 12016 --- [           main] .d.s.w.r.o.CachingOperationNameGenerator : Generating unique operation named: errorUsingGET_1
2020-06-11 22:39:41.848  INFO 12016 --- [           main] .d.s.w.r.o.CachingOperationNameGenerator : Generating unique operation named: errorUsingHEAD_1
2020-06-11 22:39:41.849  INFO 12016 --- [           main] .d.s.w.r.o.CachingOperationNameGenerator : Generating unique operation named: errorUsingPOST_1
2020-06-11 22:39:41.850  INFO 12016 --- [           main] .d.s.w.r.o.CachingOperationNameGenerator : Generating unique operation named: errorUsingPUT_1
2020-06-11 22:39:41.852  INFO 12016 --- [           main] .d.s.w.r.o.CachingOperationNameGenerator : Generating unique operation named: errorUsingPATCH_1
2020-06-11 22:39:41.853  INFO 12016 --- [           main] .d.s.w.r.o.CachingOperationNameGenerator : Generating unique operation named: errorUsingDELETE_1
2020-06-11 22:39:41.856  INFO 12016 --- [           main] .d.s.w.r.o.CachingOperationNameGenerator : Generating unique operation named: errorUsingOPTIONS_1
2020-06-11 22:39:41.857  INFO 12016 --- [           main] .d.s.w.r.o.CachingOperationNameGenerator : Generating unique operation named: errorUsingTRACE_1
2020-06-11 22:39:41.875  INFO 12016 --- [           main] .d.s.w.r.o.CachingOperationNameGenerator : Generating unique operation named: errorHtmlUsingGET_1
2020-06-11 22:39:41.877  INFO 12016 --- [           main] .d.s.w.r.o.CachingOperationNameGenerator : Generating unique operation named: errorHtmlUsingHEAD_1
2020-06-11 22:39:41.878  INFO 12016 --- [           main] .d.s.w.r.o.CachingOperationNameGenerator : Generating unique operation named: errorHtmlUsingPOST_1
2020-06-11 22:39:41.879  INFO 12016 --- [           main] .d.s.w.r.o.CachingOperationNameGenerator : Generating unique operation named: errorHtmlUsingPUT_1
2020-06-11 22:39:41.879  INFO 12016 --- [           main] .d.s.w.r.o.CachingOperationNameGenerator : Generating unique operation named: errorHtmlUsingPATCH_1
2020-06-11 22:39:41.881  INFO 12016 --- [           main] .d.s.w.r.o.CachingOperationNameGenerator : Generating unique operation named: errorHtmlUsingDELETE_1
2020-06-11 22:39:41.881  INFO 12016 --- [           main] .d.s.w.r.o.CachingOperationNameGenerator : Generating unique operation named: errorHtmlUsingOPTIONS_1
2020-06-11 22:39:41.882  INFO 12016 --- [           main] .d.s.w.r.o.CachingOperationNameGenerator : Generating unique operation named: errorHtmlUsingTRACE_1
2020-06-11 22:39:41.892  INFO 12016 --- [           main] .d.s.w.r.o.CachingOperationNameGenerator : Generating unique operation named: selectAllWorkUsingGET_1
2020-06-11 22:39:41.894  INFO 12016 --- [           main] .d.s.w.r.o.CachingOperationNameGenerator : Generating unique operation named: selectAlloneUsingGET_1
2020-06-11 22:39:41.904  INFO 12016 --- [           main] .d.s.w.r.o.CachingOperationNameGenerator : Generating unique operation named: addEquipmenttypeUsingGET_1
2020-06-11 22:39:41.907  INFO 12016 --- [           main] .d.s.w.r.o.CachingOperationNameGenerator : Generating unique operation named: selectEquipmenttypeUsingGET_1
2020-06-11 22:39:41.909  INFO 12016 --- [           main] .d.s.w.r.o.CachingOperationNameGenerator : Generating unique operation named: indexUsingGET_2
2020-06-11 22:39:41.910  INFO 12016 --- [           main] .d.s.w.r.o.CachingOperationNameGenerator : Generating unique operation named: indexUsingHEAD_2
2020-06-11 22:39:41.912  INFO 12016 --- [           main] .d.s.w.r.o.CachingOperationNameGenerator : Generating unique operation named: indexUsingPOST_2
2020-06-11 22:39:41.913  INFO 12016 --- [           main] .d.s.w.r.o.CachingOperationNameGenerator : Generating unique operation named: indexUsingPUT_2
2020-06-11 22:39:41.915  INFO 12016 --- [           main] .d.s.w.r.o.CachingOperationNameGenerator : Generating unique operation named: indexUsingPATCH_2
2020-06-11 22:39:41.917  INFO 12016 --- [           main] .d.s.w.r.o.CachingOperationNameGenerator : Generating unique operation named: indexUsingDELETE_2
2020-06-11 22:39:41.918  INFO 12016 --- [           main] .d.s.w.r.o.CachingOperationNameGenerator : Generating unique operation named: indexUsingOPTIONS_2
2020-06-11 22:39:41.919  INFO 12016 --- [           main] .d.s.w.r.o.CachingOperationNameGenerator : Generating unique operation named: indexUsingTRACE_2
2020-06-11 22:39:41.921  INFO 12016 --- [           main] .d.s.w.r.o.CachingOperationNameGenerator : Generating unique operation named: indexUsingGET_3
2020-06-11 22:39:41.922  INFO 12016 --- [           main] .d.s.w.r.o.CachingOperationNameGenerator : Generating unique operation named: indexUsingHEAD_3
2020-06-11 22:39:41.923  INFO 12016 --- [           main] .d.s.w.r.o.CachingOperationNameGenerator : Generating unique operation named: indexUsingPOST_3
2020-06-11 22:39:41.926  INFO 12016 --- [           main] .d.s.w.r.o.CachingOperationNameGenerator : Generating unique operation named: indexUsingPUT_3
2020-06-11 22:39:41.931  INFO 12016 --- [           main] .d.s.w.r.o.CachingOperationNameGenerator : Generating unique operation named: indexUsingPATCH_3
2020-06-11 22:39:41.933  INFO 12016 --- [           main] .d.s.w.r.o.CachingOperationNameGenerator : Generating unique operation named: indexUsingDELETE_3
2020-06-11 22:39:41.935  INFO 12016 --- [           main] .d.s.w.r.o.CachingOperationNameGenerator : Generating unique operation named: indexUsingOPTIONS_3
2020-06-11 22:39:41.936  INFO 12016 --- [           main] .d.s.w.r.o.CachingOperationNameGenerator : Generating unique operation named: indexUsingTRACE_3
2020-06-11 22:39:41.940  INFO 12016 --- [           main] .d.s.w.r.o.CachingOperationNameGenerator : Generating unique operation named: addMeteringUsingGET_1
2020-06-11 22:39:41.942  INFO 12016 --- [           main] .d.s.w.r.o.CachingOperationNameGenerator : Generating unique operation named: selectMeteringUsingGET_1
2020-06-11 22:39:41.944  INFO 12016 --- [           main] .d.s.w.r.o.CachingOperationNameGenerator : Generating unique operation named: updMeteringUsingGET_1
2020-06-11 22:39:41.968  INFO 12016 --- [           main] .d.s.w.r.o.CachingOperationNameGenerator : Generating unique operation named: auditUsingGET_1
2020-06-11 22:39:41.970  INFO 12016 --- [           main] .d.s.w.r.o.CachingOperationNameGenerator : Generating unique operation named: dismissUsingGET_1
2020-06-11 22:39:41.982  INFO 12016 --- [           main] .d.s.w.r.o.CachingOperationNameGenerator : Generating unique operation named: loginUsingGET_1
2020-06-11 22:39:41.996  INFO 12016 --- [           main] .d.s.w.r.o.CachingOperationNameGenerator : Generating unique operation named: registerUsingGET_1
2020-06-11 22:39:42.003  INFO 12016 --- [           main] .d.s.w.r.o.CachingOperationNameGenerator : Generating unique operation named: addworktypeUsingGET_1
2020-06-11 22:39:42.008  INFO 12016 --- [           main] .d.s.w.r.o.CachingOperationNameGenerator : Generating unique operation named: deleteworktypeUsingGET_1
2020-06-11 22:39:42.014  INFO 12016 --- [           main] s.d.s.w.s.ApiListingReferenceScanner     : Scanning for api listing references
2020-06-11 22:39:42.016  INFO 12016 --- [           main] .d.s.w.r.o.CachingOperationNameGenerator : Generating unique operation named: errorUsingGET_2
2020-06-11 22:39:42.018  INFO 12016 --- [           main] .d.s.w.r.o.CachingOperationNameGenerator : Generating unique operation named: errorUsingHEAD_2
2020-06-11 22:39:42.018  INFO 12016 --- [           main] .d.s.w.r.o.CachingOperationNameGenerator : Generating unique operation named: errorUsingPOST_2
2020-06-11 22:39:42.019  INFO 12016 --- [           main] .d.s.w.r.o.CachingOperationNameGenerator : Generating unique operation named: errorUsingPUT_2
2020-06-11 22:39:42.020  INFO 12016 --- [           main] .d.s.w.r.o.CachingOperationNameGenerator : Generating unique operation named: errorUsingPATCH_2
2020-06-11 22:39:42.021  INFO 12016 --- [           main] .d.s.w.r.o.CachingOperationNameGenerator : Generating unique operation named: errorUsingDELETE_2
2020-06-11 22:39:42.023  INFO 12016 --- [           main] .d.s.w.r.o.CachingOperationNameGenerator : Generating unique operation named: errorUsingOPTIONS_2
2020-06-11 22:39:42.024  INFO 12016 --- [           main] .d.s.w.r.o.CachingOperationNameGenerator : Generating unique operation named: errorUsingTRACE_2
2020-06-11 22:39:42.033  INFO 12016 --- [           main] .d.s.w.r.o.CachingOperationNameGenerator : Generating unique operation named: errorHtmlUsingGET_2
2020-06-11 22:39:42.034  INFO 12016 --- [           main] .d.s.w.r.o.CachingOperationNameGenerator : Generating unique operation named: errorHtmlUsingHEAD_2
2020-06-11 22:39:42.035  INFO 12016 --- [           main] .d.s.w.r.o.CachingOperationNameGenerator : Generating unique operation named: errorHtmlUsingPOST_2
2020-06-11 22:39:42.035  INFO 12016 --- [           main] .d.s.w.r.o.CachingOperationNameGenerator : Generating unique operation named: errorHtmlUsingPUT_2
2020-06-11 22:39:42.036  INFO 12016 --- [           main] .d.s.w.r.o.CachingOperationNameGenerator : Generating unique operation named: errorHtmlUsingPATCH_2
2020-06-11 22:39:42.037  INFO 12016 --- [           main] .d.s.w.r.o.CachingOperationNameGenerator : Generating unique operation named: errorHtmlUsingDELETE_2
2020-06-11 22:39:42.038  INFO 12016 --- [           main] .d.s.w.r.o.CachingOperationNameGenerator : Generating unique operation named: errorHtmlUsingOPTIONS_2
2020-06-11 22:39:42.039  INFO 12016 --- [           main] .d.s.w.r.o.CachingOperationNameGenerator : Generating unique operation named: errorHtmlUsingTRACE_2
2020-06-11 22:39:42.043  INFO 12016 --- [           main] .d.s.w.r.o.CachingOperationNameGenerator : Generating unique operation named: selectAllWorkUsingGET_2
2020-06-11 22:39:42.045  INFO 12016 --- [           main] .d.s.w.r.o.CachingOperationNameGenerator : Generating unique operation named: selectAlloneUsingGET_2
2020-06-11 22:39:42.049  INFO 12016 --- [           main] .d.s.w.r.o.CachingOperationNameGenerator : Generating unique operation named: addEquipmenttypeUsingGET_2
2020-06-11 22:39:42.051  INFO 12016 --- [           main] .d.s.w.r.o.CachingOperationNameGenerator : Generating unique operation named: selectEquipmenttypeUsingGET_2
2020-06-11 22:39:42.053  INFO 12016 --- [           main] .d.s.w.r.o.CachingOperationNameGenerator : Generating unique operation named: indexUsingGET_4
2020-06-11 22:39:42.053  INFO 12016 --- [           main] .d.s.w.r.o.CachingOperationNameGenerator : Generating unique operation named: indexUsingHEAD_4
2020-06-11 22:39:42.054  INFO 12016 --- [           main] .d.s.w.r.o.CachingOperationNameGenerator : Generating unique operation named: indexUsingPOST_4
2020-06-11 22:39:42.054  INFO 12016 --- [           main] .d.s.w.r.o.CachingOperationNameGenerator : Generating unique operation named: indexUsingPUT_4
2020-06-11 22:39:42.055  INFO 12016 --- [           main] .d.s.w.r.o.CachingOperationNameGenerator : Generating unique operation named: indexUsingPATCH_4
2020-06-11 22:39:42.055  INFO 12016 --- [           main] .d.s.w.r.o.CachingOperationNameGenerator : Generating unique operation named: indexUsingDELETE_4
2020-06-11 22:39:42.056  INFO 12016 --- [           main] .d.s.w.r.o.CachingOperationNameGenerator : Generating unique operation named: indexUsingOPTIONS_4
2020-06-11 22:39:42.056  INFO 12016 --- [           main] .d.s.w.r.o.CachingOperationNameGenerator : Generating unique operation named: indexUsingTRACE_4
2020-06-11 22:39:42.058  INFO 12016 --- [           main] .d.s.w.r.o.CachingOperationNameGenerator : Generating unique operation named: indexUsingGET_5
2020-06-11 22:39:42.059  INFO 12016 --- [           main] .d.s.w.r.o.CachingOperationNameGenerator : Generating unique operation named: indexUsingHEAD_5
2020-06-11 22:39:42.059  INFO 12016 --- [           main] .d.s.w.r.o.CachingOperationNameGenerator : Generating unique operation named: indexUsingPOST_5
2020-06-11 22:39:42.059  INFO 12016 --- [           main] .d.s.w.r.o.CachingOperationNameGenerator : Generating unique operation named: indexUsingPUT_5
2020-06-11 22:39:42.060  INFO 12016 --- [           main] .d.s.w.r.o.CachingOperationNameGenerator : Generating unique operation named: indexUsingPATCH_5
2020-06-11 22:39:42.060  INFO 12016 --- [           main] .d.s.w.r.o.CachingOperationNameGenerator : Generating unique operation named: indexUsingDELETE_5
2020-06-11 22:39:42.061  INFO 12016 --- [           main] .d.s.w.r.o.CachingOperationNameGenerator : Generating unique operation named: indexUsingOPTIONS_5
2020-06-11 22:39:42.061  INFO 12016 --- [           main] .d.s.w.r.o.CachingOperationNameGenerator : Generating unique operation named: indexUsingTRACE_5
2020-06-11 22:39:42.064  INFO 12016 --- [           main] .d.s.w.r.o.CachingOperationNameGenerator : Generating unique operation named: addMeteringUsingGET_2
2020-06-11 22:39:42.066  INFO 12016 --- [           main] .d.s.w.r.o.CachingOperationNameGenerator : Generating unique operation named: selectMeteringUsingGET_2
2020-06-11 22:39:42.069  INFO 12016 --- [           main] .d.s.w.r.o.CachingOperationNameGenerator : Generating unique operation named: updMeteringUsingGET_2
2020-06-11 22:39:42.082  INFO 12016 --- [           main] .d.s.w.r.o.CachingOperationNameGenerator : Generating unique operation named: auditUsingGET_2
2020-06-11 22:39:42.084  INFO 12016 --- [           main] .d.s.w.r.o.CachingOperationNameGenerator : Generating unique operation named: dismissUsingGET_2
2020-06-11 22:39:42.092  INFO 12016 --- [           main] .d.s.w.r.o.CachingOperationNameGenerator : Generating unique operation named: loginUsingGET_2
2020-06-11 22:39:42.101  INFO 12016 --- [           main] .d.s.w.r.o.CachingOperationNameGenerator : Generating unique operation named: registerUsingGET_2
2020-06-11 22:39:42.104  INFO 12016 --- [           main] .d.s.w.r.o.CachingOperationNameGenerator : Generating unique operation named: addworktypeUsingGET_2
2020-06-11 22:39:42.106  INFO 12016 --- [           main] .d.s.w.r.o.CachingOperationNameGenerator : Generating unique operation named: deleteworktypeUsingGET_2
2020-06-11 22:39:42.111  INFO 12016 --- [           main] s.d.s.w.s.ApiListingReferenceScanner     : Scanning for api listing references
2020-06-11 22:39:42.114  INFO 12016 --- [           main] .d.s.w.r.o.CachingOperationNameGenerator : Generating unique operation named: selectAllWorkUsingGET_3
2020-06-11 22:39:42.116  INFO 12016 --- [           main] .d.s.w.r.o.CachingOperationNameGenerator : Generating unique operation named: selectAlloneUsingGET_3
2020-06-11 22:39:42.118  INFO 12016 --- [           main] .d.s.w.r.o.CachingOperationNameGenerator : Generating unique operation named: addEquipmenttypeUsingGET_3
2020-06-11 22:39:42.120  INFO 12016 --- [           main] .d.s.w.r.o.CachingOperationNameGenerator : Generating unique operation named: selectEquipmenttypeUsingGET_3
2020-06-11 22:39:42.123  INFO 12016 --- [           main] .d.s.w.r.o.CachingOperationNameGenerator : Generating unique operation named: addMeteringUsingGET_3
2020-06-11 22:39:42.125  INFO 12016 --- [           main] .d.s.w.r.o.CachingOperationNameGenerator : Generating unique operation named: selectMeteringUsingGET_3
2020-06-11 22:39:42.127  INFO 12016 --- [           main] .d.s.w.r.o.CachingOperationNameGenerator : Generating unique operation named: updMeteringUsingGET_3
2020-06-11 22:39:42.141  INFO 12016 --- [           main] .d.s.w.r.o.CachingOperationNameGenerator : Generating unique operation named: auditUsingGET_3
2020-06-11 22:39:42.143  INFO 12016 --- [           main] .d.s.w.r.o.CachingOperationNameGenerator : Generating unique operation named: dismissUsingGET_3
2020-06-11 22:39:42.157  INFO 12016 --- [           main] .d.s.w.r.o.CachingOperationNameGenerator : Generating unique operation named: loginUsingGET_3
2020-06-11 22:39:42.165  INFO 12016 --- [           main] .d.s.w.r.o.CachingOperationNameGenerator : Generating unique operation named: registerUsingGET_3
2020-06-11 22:39:42.168  INFO 12016 --- [           main] .d.s.w.r.o.CachingOperationNameGenerator : Generating unique operation named: addworktypeUsingGET_3
2020-06-11 22:39:42.171  INFO 12016 --- [           main] .d.s.w.r.o.CachingOperationNameGenerator : Generating unique operation named: deleteworktypeUsingGET_3
2020-06-11 22:39:42.186  INFO 12016 --- [           main] com.storage.StorageApplicationTests      : Started StorageApplicationTests in 10.271 seconds (JVM running for 11.543)
2020-06-11 22:39:42.556  INFO 12016 --- [           main] com.storage.handler.MyMetaObjectHandler  : start update fill.....
]]></system-out>
  </testcase>
</testsuite>